2025-03-23 18:59:08 [scrapy.utils.log] INFO: Scrapy 2.12.0 started (bot: tarea_1)
2025-03-23 18:59:08 [scrapy.utils.log] INFO: Versions: lxml 5.3.1.0, libxml2 2.11.7, cssselect 1.3.0, parsel 1.10.0, w3lib 2.3.1, Twisted 24.11.0, Python 3.12.9 (tags/v3.12.9:fdb8142, Feb  4 2025, 15:27:58) [MSC v.1942 64 bit (AMD64)], pyOpenSSL 25.0.0 (OpenSSL 3.4.1 11 Feb 2025), cryptography 44.0.2, Platform Windows-10-10.0.19045-SP0
2025-03-23 18:59:08 [scrapy.addons] INFO: Enabled addons:
[]
2025-03-23 18:59:08 [scrapy.extensions.telnet] INFO: Telnet Password: e1beff9835e4bd24
2025-03-23 18:59:08 [scrapy.middleware] INFO: Enabled extensions:
['scrapy.extensions.corestats.CoreStats',
 'scrapy.extensions.telnet.TelnetConsole',
 'scrapy.extensions.feedexport.FeedExporter',
 'scrapy.extensions.logstats.LogStats']
2025-03-23 18:59:08 [scrapy.crawler] INFO: Overridden settings:
{'BOT_NAME': 'tarea_1',
 'FEED_EXPORT_ENCODING': 'utf-8',
 'LOG_FILE': 'scrapy.log',
 'LOG_LEVEL': 'INFO',
 'NEWSPIDER_MODULE': 'tarea_1.spiders',
 'SPIDER_MODULES': ['tarea_1.spiders'],
 'TWISTED_REACTOR': 'twisted.internet.asyncioreactor.AsyncioSelectorReactor'}
2025-03-23 18:59:09 [scrapy.middleware] INFO: Enabled downloader middlewares:
['scrapy.downloadermiddlewares.offsite.OffsiteMiddleware',
 'scrapy.downloadermiddlewares.httpauth.HttpAuthMiddleware',
 'scrapy.downloadermiddlewares.downloadtimeout.DownloadTimeoutMiddleware',
 'scrapy.downloadermiddlewares.defaultheaders.DefaultHeadersMiddleware',
 'scrapy.downloadermiddlewares.useragent.UserAgentMiddleware',
 'scrapy.downloadermiddlewares.retry.RetryMiddleware',
 'scrapy.downloadermiddlewares.redirect.MetaRefreshMiddleware',
 'scrapy.downloadermiddlewares.httpcompression.HttpCompressionMiddleware',
 'scrapy.downloadermiddlewares.redirect.RedirectMiddleware',
 'scrapy.downloadermiddlewares.cookies.CookiesMiddleware',
 'scrapy.downloadermiddlewares.httpproxy.HttpProxyMiddleware',
 'scrapy.downloadermiddlewares.stats.DownloaderStats']
2025-03-23 18:59:09 [scrapy.middleware] INFO: Enabled spider middlewares:
['scrapy.spidermiddlewares.httperror.HttpErrorMiddleware',
 'scrapy.spidermiddlewares.referer.RefererMiddleware',
 'scrapy.spidermiddlewares.urllength.UrlLengthMiddleware',
 'scrapy.spidermiddlewares.depth.DepthMiddleware']
2025-03-23 18:59:09 [scrapy.middleware] INFO: Enabled item pipelines:
[]
2025-03-23 18:59:09 [scrapy.core.engine] INFO: Spider opened
2025-03-23 18:59:09 [scrapy.extensions.logstats] INFO: Crawled 0 pages (at 0 pages/min), scraped 0 items (at 0 items/min)
2025-03-23 18:59:09 [scrapy.extensions.telnet] INFO: Telnet console listening on 127.0.0.1:6024
2025-03-23 18:59:09 [scrapy.core.engine] INFO: Closing spider (finished)
2025-03-23 18:59:09 [scrapy.extensions.feedexport] INFO: Stored json feed (20 items) in: resultados.json
2025-03-23 18:59:09 [scrapy.statscollectors] INFO: Dumping Scrapy stats:
{'downloader/request_bytes': 215,
 'downloader/request_count': 1,
 'downloader/request_method_count/GET': 1,
 'downloader/response_bytes': 52789,
 'downloader/response_count': 1,
 'downloader/response_status_count/200': 1,
 'elapsed_time_seconds': 0.309481,
 'feedexport/success_count/FileFeedStorage': 1,
 'finish_reason': 'finished',
 'finish_time': datetime.datetime(2025, 3, 23, 22, 59, 9, 338111, tzinfo=datetime.timezone.utc),
 'httpcompression/response_bytes': 450584,
 'httpcompression/response_count': 1,
 'item_scraped_count': 20,
 'items_per_minute': None,
 'log_count/INFO': 11,
 'response_received_count': 1,
 'responses_per_minute': None,
 'scheduler/dequeued': 1,
 'scheduler/dequeued/memory': 1,
 'scheduler/enqueued': 1,
 'scheduler/enqueued/memory': 1,
 'start_time': datetime.datetime(2025, 3, 23, 22, 59, 9, 28630, tzinfo=datetime.timezone.utc)}
2025-03-23 18:59:09 [scrapy.core.engine] INFO: Spider closed (finished)
2025-03-23 19:01:17 [scrapy.utils.log] INFO: Scrapy 2.12.0 started (bot: tarea_1)
2025-03-23 19:01:17 [scrapy.utils.log] INFO: Versions: lxml 5.3.1.0, libxml2 2.11.7, cssselect 1.3.0, parsel 1.10.0, w3lib 2.3.1, Twisted 24.11.0, Python 3.12.9 (tags/v3.12.9:fdb8142, Feb  4 2025, 15:27:58) [MSC v.1942 64 bit (AMD64)], pyOpenSSL 25.0.0 (OpenSSL 3.4.1 11 Feb 2025), cryptography 44.0.2, Platform Windows-10-10.0.19045-SP0
2025-03-23 19:01:17 [scrapy.addons] INFO: Enabled addons:
[]
2025-03-23 19:01:17 [scrapy.extensions.telnet] INFO: Telnet Password: a86c4f4036ca2303
2025-03-23 19:01:17 [scrapy.middleware] INFO: Enabled extensions:
['scrapy.extensions.corestats.CoreStats',
 'scrapy.extensions.telnet.TelnetConsole',
 'scrapy.extensions.feedexport.FeedExporter',
 'scrapy.extensions.logstats.LogStats']
2025-03-23 19:01:17 [scrapy.crawler] INFO: Overridden settings:
{'BOT_NAME': 'tarea_1',
 'FEED_EXPORT_ENCODING': 'utf-8',
 'LOG_FILE': 'scrapy.log',
 'LOG_LEVEL': 'INFO',
 'NEWSPIDER_MODULE': 'tarea_1.spiders',
 'SPIDER_MODULES': ['tarea_1.spiders'],
 'TWISTED_REACTOR': 'twisted.internet.asyncioreactor.AsyncioSelectorReactor'}
2025-03-23 19:01:18 [scrapy.middleware] INFO: Enabled downloader middlewares:
['scrapy.downloadermiddlewares.offsite.OffsiteMiddleware',
 'scrapy.downloadermiddlewares.httpauth.HttpAuthMiddleware',
 'scrapy.downloadermiddlewares.downloadtimeout.DownloadTimeoutMiddleware',
 'scrapy.downloadermiddlewares.defaultheaders.DefaultHeadersMiddleware',
 'scrapy.downloadermiddlewares.useragent.UserAgentMiddleware',
 'scrapy.downloadermiddlewares.retry.RetryMiddleware',
 'scrapy.downloadermiddlewares.redirect.MetaRefreshMiddleware',
 'scrapy.downloadermiddlewares.httpcompression.HttpCompressionMiddleware',
 'scrapy.downloadermiddlewares.redirect.RedirectMiddleware',
 'scrapy.downloadermiddlewares.cookies.CookiesMiddleware',
 'scrapy.downloadermiddlewares.httpproxy.HttpProxyMiddleware',
 'scrapy.downloadermiddlewares.stats.DownloaderStats']
2025-03-23 19:01:18 [scrapy.middleware] INFO: Enabled spider middlewares:
['scrapy.spidermiddlewares.httperror.HttpErrorMiddleware',
 'scrapy.spidermiddlewares.referer.RefererMiddleware',
 'scrapy.spidermiddlewares.urllength.UrlLengthMiddleware',
 'scrapy.spidermiddlewares.depth.DepthMiddleware']
2025-03-23 19:01:18 [scrapy.middleware] INFO: Enabled item pipelines:
[]
2025-03-23 19:01:18 [scrapy.core.engine] INFO: Spider opened
2025-03-23 19:01:18 [scrapy.extensions.logstats] INFO: Crawled 0 pages (at 0 pages/min), scraped 0 items (at 0 items/min)
2025-03-23 19:01:18 [scrapy.extensions.telnet] INFO: Telnet console listening on 127.0.0.1:6024
2025-03-23 19:01:19 [scrapy.core.engine] INFO: Closing spider (finished)
2025-03-23 19:01:19 [scrapy.extensions.feedexport] INFO: Stored json feed (20 items) in: resultados.json
2025-03-23 19:01:19 [scrapy.statscollectors] INFO: Dumping Scrapy stats:
{'downloader/request_bytes': 215,
 'downloader/request_count': 1,
 'downloader/request_method_count/GET': 1,
 'downloader/response_bytes': 52789,
 'downloader/response_count': 1,
 'downloader/response_status_count/200': 1,
 'elapsed_time_seconds': 0.979762,
 'feedexport/success_count/FileFeedStorage': 1,
 'finish_reason': 'finished',
 'finish_time': datetime.datetime(2025, 3, 23, 23, 1, 19, 298972, tzinfo=datetime.timezone.utc),
 'httpcompression/response_bytes': 450584,
 'httpcompression/response_count': 1,
 'item_scraped_count': 20,
 'items_per_minute': None,
 'log_count/INFO': 11,
 'response_received_count': 1,
 'responses_per_minute': None,
 'scheduler/dequeued': 1,
 'scheduler/dequeued/memory': 1,
 'scheduler/enqueued': 1,
 'scheduler/enqueued/memory': 1,
 'start_time': datetime.datetime(2025, 3, 23, 23, 1, 18, 319210, tzinfo=datetime.timezone.utc)}
2025-03-23 19:01:19 [scrapy.core.engine] INFO: Spider closed (finished)
